============================================================
HOUSE TEXTBOOK EXTRACTION
============================================================
Started: 2026-01-18 18:03:36

Found 1027 chunks from descriptive_ic_house.pdf

[1/1027] chunk 485 → (filtered)
[2/1027] chunk 738 → Descriptive Inorganic Chemistry
[3/1027] chunk 482 → (filtered)
[4/1027] chunk 836 → Coordination Chemistry
[5/1027] chunk 52 → Atomic Structure And Properties
[6/1027] chunk 164 → (filtered)
[7/1027] chunk 247 → Nonaqueous Solvents
[8/1027] chunk 618 → (filtered)
[9/1027] chunk 475 → Coordination Chemistry
[10/1027] chunk 604 → (filtered)
[11/1027] chunk 508 → (filtered)
[12/1027] chunk 199 → Acid-Base And Precipitation Chemistry
[13/1027] chunk 183 → Descriptive Inorganic Chemistry
[14/1027] chunk 233 → Coordination Chemistry
[15/1027] chunk 362 → (filtered)
[16/1027] chunk 797 → Coordination Chemistry
[17/1027] chunk 783 → Coordination Chemistry
[18/1027] chunk 535 → (filtered)
[19/1027] chunk 576 → Descriptive Inorganic Chemistry
[20/1027] chunk 416 → (filtered)
[21/1027] chunk 872 → Coordination Chemistry
[22/1027] chunk 711 → Nuclear Chemistry
[23/1027] chunk 614 → (filtered)
[24/1027] chunk 343 → (filtered)
[25/1027] chunk 222 → Acid-Base Chemistry
[26/1027] chunk 354 → (filtered)
[27/1027] chunk 53 → Atomic Structure And Properties
[28/1027] chunk 639 → (filtered)
[29/1027] chunk 890 → Coordination Chemistry
[30/1027] chunk 875 → Coordination Chemistry
[31/1027] chunk 311 → Coordination Chemistry
[32/1027] chunk 353 → (filtered)
[33/1027] chunk 643 → (filtered)
[34/1027] chunk 398 → (filtered)
[35/1027] chunk 248 → Acid-Base Chemistry
[36/1027] chunk 947 → Coordination Chemistry
[37/1027] chunk 910 → Coordination Chemistry
[38/1027] chunk 583 → (filtered)
[39/1027] chunk 725 → Descriptive Inorganic Chemistry
[40/1027] chunk 13 → Descriptive Inorganic Chemistry
[41/1027] chunk 514 → (filtered)
[42/1027] chunk 628 → (filtered)
[43/1027] chunk 806 → Coordination Chemistry
[44/1027] chunk 201 → (filtered)
[45/1027] chunk 101 → Symmetry and Group Theory
[46/1027] chunk 299 → Hydrogen And Its Compounds
[47/1027] chunk 689 → (filtered)
[48/1027] chunk 212 → Acid-Base Chemistry
[49/1027] chunk 73 → Chemical Bonding
[50/1027] chunk 778 → Coordination Chemistry
[51/1027] chunk 729 → (filtered)
[52/1027] chunk 460 → (filtered)
[53/1027] chunk 240 → Coordination Chemistry
[54/1027] chunk 375 → Descriptive Inorganic Chemistry
[55/1027] chunk 560 → Coordination Chemistry
[56/1027] chunk 563 → (filtered)
[57/1027] chunk 539 → (filtered)
[58/1027] chunk 195 → (filtered)
[59/1027] chunk 1 → (filtered)
[60/1027] chunk 971 → Descriptive Inorganic Chemistry
[61/1027] chunk 449 → (filtered)
[62/1027] chunk 182 → Thermochemistry
[63/1027] chunk 808 → Coordination Chemistry
[64/1027] chunk 553 → (filtered)
[65/1027] chunk 771 → (filtered)
[66/1027] chunk 442 → (filtered)
[67/1027] chunk 559 → (filtered)
[68/1027] chunk 217 → Acid-Base Chemistry
[69/1027] chunk 223 → Acid-Base Chemistry
[70/1027] chunk 45 → Atomic Structure And Properties
[71/1027] chunk 128 → Solid State Chemistry
[72/1027] chunk 345 → (filtered)
[73/1027] chunk 839 → Coordination Chemistry
[74/1027] chunk 203 → Acid-Base Chemistry
[75/1027] chunk 683 → (filtered)
[76/1027] chunk 750 → (filtered)
[77/1027] chunk 54 → (filtered)
[78/1027] chunk 582 → (filtered)
[79/1027] chunk 656 → (filtered)
[80/1027] chunk 804 → Coordination Chemistry
[81/1027] chunk 151 → (filtered)
[82/1027] chunk 651 → Descriptive Inorganic Chemistry
[83/1027] chunk 986 → Coordination Chemistry
[84/1027] chunk 202 → Acid-Base Chemistry
[85/1027] chunk 308 → Descriptive Inorganic Chemistry
[86/1027] chunk 168 → Thermodynamics
[87/1027] chunk 529 → (filtered)
[88/1027] chunk 625 → (filtered)
[89/1027] chunk 372 → (filtered)
[90/1027] chunk 630 → Descriptive Inorganic Chemistry
[91/1027] chunk 388 → (filtered)
[92/1027] chunk 221 → Acid-Base Chemistry
[93/1027] chunk 1012 → Physical Properties Of Elements
[94/1027] chunk 436 → (filtered)
[95/1027] chunk 321 → (filtered)
[96/1027] chunk 111 → (filtered)
[97/1027] chunk 903 → Coordination Chemistry
[98/1027] chunk 174 → Thermodynamics
[99/1027] chunk 1002 → Bioinorganic Chemistry
[100/1027] chunk 882 → Coordination Chemistry
  [Progress saved: 54 results]
[101/1027] chunk 461 → (filtered)
[102/1027] chunk 77 → (filtered)
[103/1027] chunk 1010 → Atomic Structure And Electronic Configuration
[104/1027] chunk 415 → (filtered)
[105/1027] chunk 873 → Coordination Chemistry
[106/1027] chunk 538 → (filtered)
[107/1027] chunk 43 → Descriptive Inorganic Chemistry
[108/1027] chunk 425 → (filtered)
[109/1027] chunk 649 → (filtered)
[110/1027] chunk 720 → Coordination Chemistry
[111/1027] chunk 294 → (filtered)
[112/1027] chunk 339 → Inorganic Chemistry Of Alkaline Earth And Group Ia Metals
[113/1027] chunk 307 → (filtered)
[114/1027] chunk 569 → Environmental Chemistry
[115/1027] chunk 1003 → (filtered)
[116/1027] chunk 268 → Acids, Bases, And Nonaqueous Solvents
[117/1027] chunk 213 → Acids, Bases, And Nonaqueous Solvents
[118/1027] chunk 788 → Coordination Chemistry
[119/1027] chunk 463 → (filtered)
[120/1027] chunk 313 → (filtered)
[121/1027] chunk 155 → Intermolecular Forces
[122/1027] chunk 241 → (filtered)
[123/1027] chunk 407 → Solid State Chemistry
[124/1027] chunk 597 → (filtered)
[125/1027] chunk 265 → (filtered)
[126/1027] chunk 94 → Physical Chemistry
[127/1027] chunk 577 → (filtered)
[128/1027] chunk 229 → (filtered)
[129/1027] chunk 454 → Mineralogy And Silicate Chemistry
[130/1027] chunk 934 → Organic Chemistry
[131/1027] chunk 414 → (filtered)
[132/1027] chunk 632 → (filtered)
[133/1027] chunk 759 → (filtered)
[134/1027] chunk 58 → Atomic Structure And Properties
[135/1027] chunk 799 → Coordination Chemistry
[136/1027] chunk 531 → (filtered)
[137/1027] chunk 858 → Coordination Chemistry
[138/1027] chunk 968 → Inorganic Chemistry In Biological Systems
[139/1027] chunk 980 → Coordination Chemistry
[140/1027] chunk 177 → Thermodynamics
[141/1027] chunk 108 → Chemical Bonding
[142/1027] chunk 949 → Coordination Chemistry
[143/1027] chunk 69 → Descriptive Inorganic Chemistry
[144/1027] chunk 572 → (filtered)
[145/1027] chunk 364 → Coordination Chemistry
[146/1027] chunk 851 → Coordination Chemistry
[147/1027] chunk 89 → Chemical Bonding
[148/1027] chunk 733 → (filtered)
[149/1027] chunk 904 → Coordination Chemistry
[150/1027] chunk 676 → Chemical Bonding
[151/1027] chunk 333 → (filtered)
[152/1027] chunk 591 → Acid-Base Chemistry
[153/1027] chunk 298 → Hydrogen Chemistry
[154/1027] chunk 347 → (filtered)
[155/1027] chunk 629 → (filtered)
[156/1027] chunk 731 → (filtered)
[157/1027] chunk 232 → Acid-Base Chemistry
[158/1027] chunk 62 → (filtered)
[159/1027] chunk 523 → Descriptive Inorganic Chemistry
[160/1027] chunk 562 → (filtered)
[161/1027] chunk 374 → (filtered)
[162/1027] chunk 893 → Coordination Chemistry
[163/1027] chunk 496 → (filtered)
[164/1027] chunk 401 → (filtered)
[165/1027] chunk 747 → (filtered)
[166/1027] chunk 397 → (filtered)
[167/1027] chunk 458 → Mineral Structures And Silicate Chemistry
[168/1027] chunk 932 → Organometallic Chemistry
[169/1027] chunk 243 → Coordination Chemistry
[170/1027] chunk 554 → (filtered)
[171/1027] chunk 1001 → Enzyme Mechanisms
[172/1027] chunk 18 → Descriptive Inorganic Chemistry
[173/1027] chunk 830 → Coordination Chemistry
[174/1027] chunk 772 → Transition Metal Chemistry
[175/1027] chunk 822 → Coordination Chemistry
[176/1027] chunk 990 → (filtered)
[177/1027] chunk 730 → (filtered)
[178/1027] chunk 144 → (filtered)
[179/1027] chunk 774 → Transition Metals
[180/1027] chunk 660 → Industrial Chemistry
[181/1027] chunk 985 → Coordination Chemistry
[182/1027] chunk 51 → Periodic Trends
[183/1027] chunk 184 → Thermochemistry
[184/1027] chunk 790 → Coordination Chemistry
[185/1027] chunk 120 → Descriptive Inorganic Chemistry
[186/1027] chunk 889 → Coordination Chemistry
[187/1027] chunk 146 → Intermolecular Forces
[188/1027] chunk 242 → Coordination Chemistry
[189/1027] chunk 667 → (filtered)
[190/1027] chunk 399 → Organometallic Chemistry
[191/1027] chunk 969 → (filtered)
[192/1027] chunk 1005 → Inorganic Substances In Biochemical Applications
[193/1027] chunk 599 → Main Group Chemistry
[194/1027] chunk 718 → (filtered)
[195/1027] chunk 435 → (filtered)
[196/1027] chunk 511 → (filtered)
[197/1027] chunk 123 → (filtered)
[198/1027] chunk 719 → (filtered)
[199/1027] chunk 426 → (filtered)
[200/1027] chunk 27 → (filtered)
  [Progress saved: 108 results]
[201/1027] chunk 717 → (filtered)
[202/1027] chunk 504 → (filtered)
[203/1027] chunk 385 → Descriptive Inorganic Chemistry
[204/1027] chunk 119 → Descriptive Inorganic Chemistry
[205/1027] chunk 715 → Intermolecular Forces And Molecular Structure
[206/1027] chunk 387 → Coordination Chemistry
[207/1027] chunk 637 → (filtered)
[208/1027] chunk 844 → Coordination Chemistry
[209/1027] chunk 773 → Transition Metals
[210/1027] chunk 642 → (filtered)
[211/1027] chunk 670 → (filtered)
[212/1027] chunk 1006 → (filtered)
[213/1027] chunk 61 → (filtered)
[214/1027] chunk 437 → (filtered)
[215/1027] chunk 557 → (filtered)
[216/1027] chunk 115 → (filtered)
[217/1027] chunk 842 → Coordination Chemistry
[218/1027] chunk 855 → Coordination Chemistry
[219/1027] chunk 28 → Industrial Inorganic Chemistry
[220/1027] chunk 261 → (filtered)
[221/1027] chunk 568 → (filtered)
[222/1027] chunk 488 → Acid-Base Chemistry
[223/1027] chunk 623 → (filtered)
[224/1027] chunk 640 → (filtered)
[225/1027] chunk 988 → Coordination Chemistry
[226/1027] chunk 565 → (filtered)
[227/1027] chunk 594 → (filtered)
[228/1027] chunk 176 → Thermodynamics
[229/1027] chunk 864 → Coordination Chemistry
[230/1027] chunk 547 → (filtered)
[231/1027] chunk 127 → Solid State Chemistry
[232/1027] chunk 276 → (filtered)
[233/1027] chunk 678 → (filtered)
[234/1027] chunk 236 → Acid-Base Chemistry
[235/1027] chunk 646 → (filtered)
[236/1027] chunk 854 → Coordination Chemistry
[237/1027] chunk 357 → (filtered)
[238/1027] chunk 445 → (filtered)
[239/1027] chunk 65 → Quantum Chemistry
[240/1027] chunk 11 → (filtered)
[241/1027] chunk 85 → Chemical Bonding
[242/1027] chunk 505 → (filtered)
[243/1027] chunk 71 → Coordination Chemistry
[244/1027] chunk 952 → Coordination Chemistry
[245/1027] chunk 886 → Coordination Chemistry
[246/1027] chunk 59 → Quantum Mechanics And Atomic Structure
[247/1027] chunk 331 → Organometallic Chemistry
[248/1027] chunk 653 → (filtered)
[249/1027] chunk 480 → Descriptive Inorganic Chemistry
[250/1027] chunk 888 → Coordination Chemistry
[251/1027] chunk 253 → Acids, Bases, And Nonaqueous Solvents
[252/1027] chunk 575 → (filtered)
[253/1027] chunk 356 → (filtered)
[254/1027] chunk 835 → Coordination Chemistry
[255/1027] chunk 474 → (filtered)
[256/1027] chunk 207 → Reactions And Energy Relationships
[257/1027] chunk 871 → Coordination Chemistry
[258/1027] chunk 587 → (filtered)
[259/1027] chunk 740 → Transition Metals
[260/1027] chunk 86 → Chemical Bonding
[261/1027] chunk 796 → Coordination Chemistry
[262/1027] chunk 965 → Organometallic Compounds
[263/1027] chunk 206 → Reactions And Energy Relationships
[264/1027] chunk 723 → (filtered)
[265/1027] chunk 124 → Thermochemistry
[266/1027] chunk 916 → (filtered)
[267/1027] chunk 570 → (filtered)
[268/1027] chunk 255 → Coordination Chemistry
[269/1027] chunk 507 → (filtered)
[270/1027] chunk 30 → Descriptive Inorganic Chemistry
[271/1027] chunk 595 → (filtered)
[272/1027] chunk 870 → Coordination Chemistry
[273/1027] chunk 452 → (filtered)
[274/1027] chunk 748 → (filtered)
[275/1027] chunk 579 → Chemical Bonding
[276/1027] chunk 125 → Thermochemistry
[277/1027] chunk 795 → Coordination Chemistry
[278/1027] chunk 652 → (filtered)
[279/1027] chunk 813 → Coordination Chemistry
[280/1027] chunk 491 → (filtered)
[281/1027] chunk 37 → Quantum Mechanics In Atomic Structure
[282/1027] chunk 613 → (filtered)
[283/1027] chunk 779 → Coordination Chemistry
[284/1027] chunk 624 → (filtered)
[285/1027] chunk 755 → (filtered)
[286/1027] chunk 157 → Physical Chemistry
[287/1027] chunk 335 → (filtered)
[288/1027] chunk 188 → (filtered)
[289/1027] chunk 908 → Coordination Chemistry
[290/1027] chunk 742 → (filtered)
[291/1027] chunk 919 → Descriptive Inorganic Chemistry
[292/1027] chunk 377 → Metallurgy And Extraction Of Metals
[293/1027] chunk 17 → Extractive Metallurgy
[294/1027] chunk 537 → (filtered)
[295/1027] chunk 306 → (filtered)
[296/1027] chunk 785 → Coordination Chemistry
[297/1027] chunk 450 → (filtered)
[298/1027] chunk 584 → (filtered)
[299/1027] chunk 352 → (filtered)
[300/1027] chunk 50 → (filtered)
  [Progress saved: 158 results]
[301/1027] chunk 911 → Coordination Chemistry
[302/1027] chunk 142 → Solid State Chemistry
[303/1027] chunk 852 → Coordination Chemistry
[304/1027] chunk 328 → (filtered)
[305/1027] chunk 1024 → (filtered)
[306/1027] chunk 580 → Chemical Bonding
[307/1027] chunk 826 → Coordination Chemistry
[308/1027] chunk 671 → Descriptive Inorganic Chemistry
[309/1027] chunk 914 → Descriptive Inorganic Chemistry
[310/1027] chunk 674 → (filtered)
[311/1027] chunk 516 → (filtered)
[312/1027] chunk 784 → Coordination Chemistry
[313/1027] chunk 898 → Coordination Chemistry
[314/1027] chunk 638 → (filtered)
[315/1027] chunk 336 → (filtered)
[316/1027] chunk 264 → Acids, Bases, And Nonaqueous Solvents
[317/1027] chunk 937 → (filtered)
[318/1027] chunk 29 → Environmental And Industrial Inorganic Chemistry
[319/1027] chunk 252 → Coordination Chemistry
[320/1027] chunk 448 → (filtered)
[321/1027] chunk 481 → (filtered)
[322/1027] chunk 31 → (filtered)
[323/1027] chunk 338 → (filtered)
[324/1027] chunk 792 → Coordination Chemistry
[325/1027] chunk 647 → (filtered)
[326/1027] chunk 25 → (filtered)
[327/1027] chunk 959 → Coordination Chemistry
[328/1027] chunk 472 → (filtered)
[329/1027] chunk 866 → Coordination Chemistry
[330/1027] chunk 340 → (filtered)
[331/1027] chunk 0 → Descriptive Inorganic Chemistry
[332/1027] chunk 4 → (filtered)
[333/1027] chunk 102 → Symmetry and Group Theory
[334/1027] chunk 509 → (filtered)
[335/1027] chunk 590 → (filtered)
[336/1027] chunk 2 → (filtered)
[337/1027] chunk 103 → Symmetry and Group Theory
[338/1027] chunk 506 → (filtered)
[339/1027] chunk 74 → Chemical Bonding
[340/1027] chunk 838 → Coordination Chemistry
[341/1027] chunk 318 → (filtered)
[342/1027] chunk 684 → Solvatochromism And Solvent Effects
[343/1027] chunk 658 → (filtered)
[344/1027] chunk 902 → Coordination Chemistry
[345/1027] chunk 249 → Acid-Base Chemistry
[346/1027] chunk 834 → Coordination Chemistry
[347/1027] chunk 601 → (filtered)
[348/1027] chunk 287 → (filtered)
[349/1027] chunk 688 → (filtered)
[350/1027] chunk 578 → (filtered)
[351/1027] chunk 95 → (filtered)
[352/1027] chunk 367 → (filtered)
[353/1027] chunk 200 → Coordination Chemistry
[354/1027] chunk 586 → (filtered)
[355/1027] chunk 190 → (filtered)
[356/1027] chunk 411 → Materials Science
[357/1027] chunk 446 → (filtered)
[358/1027] chunk 989 → (filtered)
[359/1027] chunk 880 → Coordination Chemistry
[360/1027] chunk 1025 → (filtered)
[361/1027] chunk 617 → (filtered)
[362/1027] chunk 418 → (filtered)
[363/1027] chunk 1021 → (filtered)
[364/1027] chunk 906 → Coordination Chemistry
[365/1027] chunk 900 → Coordination Chemistry
[366/1027] chunk 1018 → (filtered)
[367/1027] chunk 296 → (filtered)
[368/1027] chunk 909 → Coordination Chemistry
[369/1027] chunk 438 → Descriptive Inorganic Chemistry
[370/1027] chunk 275 → Molecular Orbital Theory
[371/1027] chunk 810 → Coordination Chemistry
[372/1027] chunk 973 → Coordination Chemistry
[373/1027] chunk 40 → Atomic Structure And Properties
[374/1027] chunk 250 → Coordination Chemistry
[375/1027] chunk 156 → Intermolecular Forces
[376/1027] chunk 802 → Coordination Chemistry
[377/1027] chunk 975 → (filtered)
[378/1027] chunk 24 → (filtered)
[379/1027] chunk 555 → (filtered)
[380/1027] chunk 395 → Coordination Chemistry
[381/1027] chunk 497 → (filtered)
[382/1027] chunk 997 → Coordination Chemistry
[383/1027] chunk 915 → (filtered)
[384/1027] chunk 540 → (filtered)
[385/1027] chunk 781 → Coordination Chemistry
[386/1027] chunk 303 → (filtered)
[387/1027] chunk 700 → (filtered)
[388/1027] chunk 976 → (filtered)
[389/1027] chunk 82 → Molecular Structure And Symmetry
[390/1027] chunk 665 → (filtered)
[391/1027] chunk 527 → Descriptive Inorganic Chemistry
[392/1027] chunk 332 → Coordination Chemistry
[393/1027] chunk 290 → (filtered)
[394/1027] chunk 993 → Coordination Chemistry
[395/1027] chunk 408 → (filtered)
[396/1027] chunk 57 → Atomic Structure And Properties
[397/1027] chunk 26 → (filtered)
[398/1027] chunk 958 → Coordination Chemistry
[399/1027] chunk 769 → (filtered)
[400/1027] chunk 259 → Acids, Bases, And Nonaqueous Solvents
  [Progress saved: 206 results]
[401/1027] chunk 403 → (filtered)
[402/1027] chunk 645 → (filtered)
[403/1027] chunk 112 → (filtered)
[404/1027] chunk 713 → (filtered)
[405/1027] chunk 561 → Organic Chemistry
[406/1027] chunk 269 → Acids, Bases, And Nonaqueous Solvents
[407/1027] chunk 279 → Industrial Chemistry
[408/1027] chunk 841 → Coordination Chemistry
[409/1027] chunk 966 → Organometallic Chemistry
[410/1027] chunk 215 → Descriptive Inorganic Chemistry
[411/1027] chunk 464 → (filtered)
[412/1027] chunk 327 → (filtered)
[413/1027] chunk 501 → (filtered)
[414/1027] chunk 853 → Coordination Chemistry
[415/1027] chunk 140 → Ionic Bonding, Crystals, And Intermolecular Forces
[416/1027] chunk 99 → Molecular Symmetry
[417/1027] chunk 224 → Acid-Base Chemistry
[418/1027] chunk 284 → (filtered)
[419/1027] chunk 342 → (filtered)
[420/1027] chunk 602 → (filtered)
[421/1027] chunk 566 → Acid-Base Chemistry
[422/1027] chunk 564 → (filtered)
[423/1027] chunk 366 → (filtered)
[424/1027] chunk 314 → (filtered)
[425/1027] chunk 309 → (filtered)
[426/1027] chunk 856 → Coordination Chemistry
[427/1027] chunk 422 → (filtered)
[428/1027] chunk 823 → Coordination Chemistry
[429/1027] chunk 775 → Coordination Chemistry
[430/1027] chunk 814 → Coordination Chemistry
[431/1027] chunk 20 → (filtered)
[432/1027] chunk 230 → Organic Chemistry
[433/1027] chunk 251 → Descriptive Inorganic Chemistry
[434/1027] chunk 346 → (filtered)
[435/1027] chunk 297 → Hydride Chemistry
[436/1027] chunk 453 → (filtered)
[437/1027] chunk 809 → Magnetic Properties Of Transition Metals
[438/1027] chunk 878 → Coordination Chemistry
[439/1027] chunk 697 → (filtered)
[440/1027] chunk 922 → Organometallic Chemistry
[441/1027] chunk 524 → (filtered)
[442/1027] chunk 702 → (filtered)
[443/1027] chunk 495 → (filtered)
[444/1027] chunk 204 → Thermodynamics And Chemical Reactions
[445/1027] chunk 245 → (filtered)
[446/1027] chunk 881 → Coordination Chemistry
[447/1027] chunk 899 → Coordination Chemistry
[448/1027] chunk 15 → (filtered)
[449/1027] chunk 443 → (filtered)
[450/1027] chunk 633 → Main Group Chemistry
[451/1027] chunk 5 → (filtered)
[452/1027] chunk 627 → Main Group Chemistry
[453/1027] chunk 363 → (filtered)
[454/1027] chunk 687 → Acid-Base Chemistry
[455/1027] chunk 520 → Environmental Chemistry
[456/1027] chunk 305 → (filtered)
[457/1027] chunk 187 → Descriptive Inorganic Chemistry
[458/1027] chunk 420 → Coordination Chemistry
[459/1027] chunk 585 → (filtered)
[460/1027] chunk 1009 → Electronic Structure Of Transition Metals
[461/1027] chunk 402 → (filtered)
[462/1027] chunk 1016 → (filtered)
[463/1027] chunk 433 → Coordination Chemistry
[464/1027] chunk 588 → (filtered)
[465/1027] chunk 341 → (filtered)
[466/1027] chunk 807 → Coordination Chemistry
[467/1027] chunk 246 → (filtered)
[468/1027] chunk 794 → Coordination Chemistry
[469/1027] chunk 876 → Coordination Chemistry
[470/1027] chunk 244 → Acids, Bases, And Nonaqueous Solvents
[471/1027] chunk 35 → Atomic Structure And Properties
[472/1027] chunk 319 → (filtered)
[473/1027] chunk 991 → (filtered)
[474/1027] chunk 548 → (filtered)
[475/1027] chunk 892 → Coordination Chemistry
[476/1027] chunk 100 → Symmetry and Group Theory
[477/1027] chunk 526 → (filtered)
[478/1027] chunk 984 → Coordination Chemistry
[479/1027] chunk 848 → Coordination Chemistry
[480/1027] chunk 786 → Coordination Chemistry
[481/1027] chunk 270 → Acid-Base Chemistry
[482/1027] chunk 118 → Structure And Bonding
[483/1027] chunk 41 → Atomic Structure And Properties
[484/1027] chunk 707 → (filtered)
[485/1027] chunk 400 → (filtered)
[486/1027] chunk 126 → (filtered)
[487/1027] chunk 635 → (filtered)
[488/1027] chunk 167 → Descriptive Inorganic Chemistry
[489/1027] chunk 626 → Descriptive Inorganic Chemistry
[490/1027] chunk 19 → Metallurgy And Metal Production
[491/1027] chunk 324 → (filtered)
[492/1027] chunk 765 → (filtered)
[493/1027] chunk 615 → (filtered)
[494/1027] chunk 63 → Quantum Mechanics
[495/1027] chunk 913 → (filtered)
[496/1027] chunk 546 → Organic Chemistry
[497/1027] chunk 421 → (filtered)
[498/1027] chunk 88 → Chemical Bonding
[499/1027] chunk 180 → Thermochemistry
[500/1027] chunk 56 → Descriptive Inorganic Chemistry
  [Progress saved: 259 results]
[501/1027] chunk 78 → Descriptive Inorganic Chemistry
[502/1027] chunk 121 → (filtered)
[503/1027] chunk 593 → (filtered)
[504/1027] chunk 14 → Mineralogy And Weathering
[505/1027] chunk 172 → Thermodynamics And Energy
[506/1027] chunk 518 → (filtered)
[507/1027] chunk 266 → Descriptive Inorganic Chemistry
[508/1027] chunk 466 → Coordination Chemistry
[509/1027] chunk 87 → Chemical Bonding
[510/1027] chunk 137 → (filtered)
[511/1027] chunk 745 → (filtered)
[512/1027] chunk 162 → Physical Chemistry
[513/1027] chunk 877 → Coordination Chemistry
[514/1027] chunk 735 → (filtered)
[515/1027] chunk 1000 → Coordination Chemistry
[516/1027] chunk 600 → (filtered)
[517/1027] chunk 961 → Coordination Chemistry
[518/1027] chunk 996 → (filtered)
[519/1027] chunk 921 → Organometallic Chemistry
[520/1027] chunk 198 → Reactions And Reaction Mechanisms
[521/1027] chunk 470 → (filtered)
[522/1027] chunk 320 → (filtered)
[523/1027] chunk 66 → Molecular Orbital Theory
[524/1027] chunk 3 → Descriptive Inorganic Chemistry
[525/1027] chunk 325 → (filtered)
[526/1027] chunk 749 → Transition Metals
[527/1027] chunk 196 → Reactions And Reaction Mechanisms
[528/1027] chunk 370 → (filtered)
[529/1027] chunk 840 → Coordination Chemistry
[530/1027] chunk 274 → (filtered)
[531/1027] chunk 849 → Coordination Chemistry
[532/1027] chunk 165 → Structure And Property Correlations
[533/1027] chunk 998 → Coordination Chemistry
[534/1027] chunk 323 → (filtered)
[535/1027] chunk 152 → (filtered)
[536/1027] chunk 589 → (filtered)
[537/1027] chunk 93 → (filtered)
[538/1027] chunk 668 → (filtered)
[539/1027] chunk 675 → (filtered)
[540/1027] chunk 104 → (filtered)
[541/1027] chunk 145 → Physical Chemistry
[542/1027] chunk 977 → (filtered)
[543/1027] chunk 532 → (filtered)
[544/1027] chunk 780 → Coordination Chemistry
[545/1027] chunk 42 → Atomic Structure And Electronic Configuration
[546/1027] chunk 434 → Descriptive Inorganic Chemistry
[547/1027] chunk 209 → Acid-Base Chemistry
[548/1027] chunk 513 → (filtered)
[549/1027] chunk 136 → Ionic Bonding, Crystals, And Intermolecular Forces
[550/1027] chunk 36 → Quantum Mechanics In Atomic Structure
[551/1027] chunk 821 → Coordination Chemistry
[552/1027] chunk 694 → (filtered)
[553/1027] chunk 295 → (filtered)
[554/1027] chunk 682 → Coordination Chemistry
[555/1027] chunk 9 → Mineralogy And Earth Chemistry
[556/1027] chunk 79 → Descriptive Inorganic Chemistry
[557/1027] chunk 300 → (filtered)
[558/1027] chunk 479 → (filtered)
[559/1027] chunk 550 → (filtered)
[560/1027] chunk 113 → Descriptive Inorganic Chemistry
[561/1027] chunk 231 → Acid-Base Chemistry
[562/1027] chunk 380 → (filtered)
[563/1027] chunk 766 → (filtered)
[564/1027] chunk 805 → Coordination Chemistry
[565/1027] chunk 712 → (filtered)
[566/1027] chunk 979 → (filtered)
[567/1027] chunk 736 → Solid State Chemistry
[568/1027] chunk 350 → (filtered)
[569/1027] chunk 228 → Acid-Base Chemistry
[570/1027] chunk 754 → (filtered)
[571/1027] chunk 227 → Coordination Chemistry
[572/1027] chunk 179 → Thermodynamics
[573/1027] chunk 703 → (filtered)
[574/1027] chunk 97 → Molecular Structure And Symmetry
[575/1027] chunk 663 → (filtered)
[576/1027] chunk 330 → (filtered)
[577/1027] chunk 714 → Coordination Chemistry
[578/1027] chunk 927 → (filtered)
[579/1027] chunk 440 → (filtered)
[580/1027] chunk 693 → (filtered)
[581/1027] chunk 412 → Materials Chemistry
[582/1027] chunk 928 → Organometallic Chemistry
[583/1027] chunk 863 → Coordination Chemistry
[584/1027] chunk 1020 → (filtered)
[585/1027] chunk 751 → Electrochemistry
[586/1027] chunk 727 → (filtered)
[587/1027] chunk 503 → (filtered)
[588/1027] chunk 239 → (filtered)
[589/1027] chunk 462 → (filtered)
[590/1027] chunk 690 → (filtered)
[591/1027] chunk 859 → Coordination Chemistry
[592/1027] chunk 185 → Thermodynamics
[593/1027] chunk 226 → Coordination Chemistry
[594/1027] chunk 573 → (filtered)
[595/1027] chunk 272 → (filtered)
[596/1027] chunk 946 → (filtered)
[597/1027] chunk 498 → Descriptive Inorganic Chemistry
[598/1027] chunk 850 → Coordination Chemistry
[599/1027] chunk 258 → Coordination Chemistry
[600/1027] chunk 820 → Coordination Chemistry
  [Progress saved: 310 results]
[601/1027] chunk 891 → Coordination Chemistry
[602/1027] chunk 556 → (filtered)
[603/1027] chunk 768 → (filtered)
[604/1027] chunk 262 → (filtered)
[605/1027] chunk 39 → Atomic Structure And Quantum Mechanics
[606/1027] chunk 533 → Descriptive Inorganic Chemistry
[607/1027] chunk 444 → (filtered)
[608/1027] chunk 134 → Coordination Chemistry
[609/1027] chunk 205 → Thermodynamics
[610/1027] chunk 522 → (filtered)
[611/1027] chunk 782 → Coordination Chemistry
[612/1027] chunk 999 → Coordination Chemistry
[613/1027] chunk 75 → Physical Chemistry
[614/1027] chunk 256 → Coordination Chemistry
[615/1027] chunk 644 → (filtered)
[616/1027] chunk 598 → (filtered)
[617/1027] chunk 46 → Periodic Trends
[618/1027] chunk 465 → Coordination Chemistry
[619/1027] chunk 953 → Coordination Chemistry
[620/1027] chunk 681 → Descriptive Inorganic Chemistry
[621/1027] chunk 490 → (filtered)
[622/1027] chunk 828 → Coordination Chemistry
[623/1027] chunk 622 → (filtered)
[624/1027] chunk 211 → Acid-Base Chemistry
[625/1027] chunk 744 → Transition Metals
[626/1027] chunk 574 → (filtered)
[627/1027] chunk 887 → Coordination Chemistry
[628/1027] chunk 581 → Physical Chemistry
[629/1027] chunk 456 → (filtered)
[630/1027] chunk 493 → (filtered)
[631/1027] chunk 721 → (filtered)
[632/1027] chunk 404 → (filtered)
[633/1027] chunk 68 → Descriptive Inorganic Chemistry
[634/1027] chunk 315 → (filtered)
[635/1027] chunk 304 → (filtered)
[636/1027] chunk 1019 → Coordination Chemistry
[637/1027] chunk 70 → Covalent Bonding And Molecular Structure
[638/1027] chunk 699 → (filtered)
[639/1027] chunk 648 → (filtered)
[640/1027] chunk 552 → (filtered)
[641/1027] chunk 105 → Symmetry And Point Groups
[642/1027] chunk 129 → Descriptive Inorganic Chemistry
[643/1027] chunk 277 → (filtered)
[644/1027] chunk 220 → Acid-Base Chemistry
[645/1027] chunk 292 → (filtered)
[646/1027] chunk 879 → Coordination Chemistry
[647/1027] chunk 655 → (filtered)
[648/1027] chunk 728 → Thermochemistry And Bonding
[649/1027] chunk 382 → (filtered)
[650/1027] chunk 698 → (filtered)
[651/1027] chunk 845 → (filtered)
[652/1027] chunk 696 → (filtered)
[653/1027] chunk 192 → (filtered)
[654/1027] chunk 409 → (filtered)
[655/1027] chunk 800 → Coordination Chemistry
[656/1027] chunk 686 → Descriptive Inorganic Chemistry
[657/1027] chunk 862 → Coordination Chemistry
[658/1027] chunk 483 → (filtered)
[659/1027] chunk 49 → Descriptive Inorganic Chemistry
[660/1027] chunk 267 → Acid-Base Chemistry
[661/1027] chunk 672 → (filtered)
[662/1027] chunk 939 → Coordination Chemistry
[663/1027] chunk 763 → (filtered)
[664/1027] chunk 1013 → Periodic Trends
[665/1027] chunk 510 → (filtered)
[666/1027] chunk 394 → (filtered)
[667/1027] chunk 619 → (filtered)
[668/1027] chunk 218 → Acids, Bases, And Nonaqueous Solvents
[669/1027] chunk 10 → Geochemistry
[670/1027] chunk 987 → Coordination Chemistry
[671/1027] chunk 351 → (filtered)
[672/1027] chunk 358 → (filtered)
[673/1027] chunk 767 → Electrochemistry
[674/1027] chunk 476 → (filtered)
[675/1027] chunk 149 → Intermolecular Forces
[676/1027] chunk 141 → Crystal Structures And Bonding
[677/1027] chunk 685 → (filtered)
[678/1027] chunk 378 → (filtered)
[679/1027] chunk 369 → (filtered)
[680/1027] chunk 76 → Chemical Bonding
[681/1027] chunk 371 → (filtered)
[682/1027] chunk 12 → Descriptive Inorganic Chemistry
[683/1027] chunk 355 → (filtered)
[684/1027] chunk 1004 → Inorganic Substances In Biochemical Applications
[685/1027] chunk 219 → Acid-Base Chemistry
[686/1027] chunk 110 → Chemical Bonding And Molecular Structure
[687/1027] chunk 34 → Descriptive Inorganic Chemistry
[688/1027] chunk 48 → (filtered)
[689/1027] chunk 334 → (filtered)
[690/1027] chunk 32 → Atomic Structure And Periodicity
[691/1027] chunk 72 → Quantum Mechanics
[692/1027] chunk 960 → Coordination Chemistry
[693/1027] chunk 951 → Coordination Chemistry
[694/1027] chunk 133 → (filtered)
[695/1027] chunk 181 → Thermochemistry
[696/1027] chunk 383 → (filtered)
[697/1027] chunk 21 → (filtered)
[698/1027] chunk 391 → (filtered)
[699/1027] chunk 705 → (filtered)
[700/1027] chunk 606 → (filtered)
  [Progress saved: 360 results]
[701/1027] chunk 360 → (filtered)
[702/1027] chunk 171 → Thermodynamics And Statistical Mechanics
[703/1027] chunk 210 → Acid-Base Chemistry
[704/1027] chunk 293 → (filtered)
[705/1027] chunk 936 → Coordination Chemistry
[706/1027] chunk 478 → (filtered)
[707/1027] chunk 757 → (filtered)
[708/1027] chunk 396 → Organometallic Chemistry
[709/1027] chunk 310 → (filtered)
[710/1027] chunk 90 → Chemical Bonding
[711/1027] chunk 741 → Transition Metals
[712/1027] chunk 983 → Coordination Chemistry
[713/1027] chunk 941 → Coordination Chemistry
[714/1027] chunk 91 → Chemical Bonding
[715/1027] chunk 679 → (filtered)
[716/1027] chunk 47 → Periodic Table And Elements
[717/1027] chunk 929 → (filtered)
[718/1027] chunk 923 → (filtered)
[719/1027] chunk 114 → Descriptive Inorganic Chemistry
[720/1027] chunk 761 → Transition Metals
[721/1027] chunk 38 → Descriptive Inorganic Chemistry
[722/1027] chunk 972 → Coordination Chemistry
[723/1027] chunk 373 → (filtered)
[724/1027] chunk 558 → (filtered)
[725/1027] chunk 926 → Organometallic Chemistry
[726/1027] chunk 67 → Molecular Orbital Theory
[727/1027] chunk 974 → Coordination Chemistry
[728/1027] chunk 386 → (filtered)
[729/1027] chunk 143 → Coordination Chemistry
[730/1027] chunk 173 → Thermodynamics And Equilibrium
[731/1027] chunk 254 → (filtered)
[732/1027] chunk 817 → Coordination Chemistry
[733/1027] chunk 753 → Coordination Chemistry
[734/1027] chunk 8 → Descriptive Inorganic Chemistry
[735/1027] chunk 762 → (filtered)
[736/1027] chunk 912 → Coordination Chemistry
[737/1027] chunk 263 → Descriptive Inorganic Chemistry
[738/1027] chunk 967 → Coordination Chemistry
[739/1027] chunk 208 → (filtered)
[740/1027] chunk 432 → (filtered)
[741/1027] chunk 519 → Nitrogen Cycle
[742/1027] chunk 945 → Coordination Chemistry
[743/1027] chunk 55 → Descriptive Inorganic Chemistry
[744/1027] chunk 607 → (filtered)
[745/1027] chunk 791 → Coordination Chemistry
[746/1027] chunk 517 → Environmental Chemistry
[747/1027] chunk 455 → (filtered)
[748/1027] chunk 610 → (filtered)
[749/1027] chunk 894 → Coordination Chemistry
[750/1027] chunk 158 → (filtered)
[751/1027] chunk 473 → (filtered)
[752/1027] chunk 337 → (filtered)
[753/1027] chunk 816 → Coordination Chemistry
[754/1027] chunk 116 → (filtered)
[755/1027] chunk 758 → (filtered)
[756/1027] chunk 257 → (filtered)
[757/1027] chunk 710 → Radiochemistry
[758/1027] chunk 641 → (filtered)
[759/1027] chunk 486 → (filtered)
[760/1027] chunk 861 → Coordination Chemistry
[761/1027] chunk 312 → (filtered)
[762/1027] chunk 970 → (filtered)
[763/1027] chunk 109 → (filtered)
[764/1027] chunk 130 → (filtered)
[765/1027] chunk 938 → Coordination Chemistry
[766/1027] chunk 413 → (filtered)
[767/1027] chunk 957 → Coordination Chemistry
[768/1027] chunk 801 → Coordination Chemistry
[769/1027] chunk 798 → Coordination Chemistry
[770/1027] chunk 417 → (filtered)
[771/1027] chunk 1017 → Atomic Structure And Quantum Mechanics
[772/1027] chunk 662 → Descriptive Inorganic Chemistry
[773/1027] chunk 920 → (filtered)
[774/1027] chunk 349 → Coordination Chemistry
[775/1027] chunk 423 → (filtered)
[776/1027] chunk 225 → (filtered)
[777/1027] chunk 451 → (filtered)
[778/1027] chunk 867 → Coordination Chemistry
[779/1027] chunk 943 → (filtered)
[780/1027] chunk 982 → Coordination Chemistry
[781/1027] chunk 521 → Toxicology And Environmental Chemistry
[782/1027] chunk 963 → (filtered)
[783/1027] chunk 84 → Chemical Bonding
[784/1027] chunk 691 → (filtered)
[785/1027] chunk 530 → (filtered)
[786/1027] chunk 471 → Organic Chemistry
[787/1027] chunk 96 → Descriptive Inorganic Chemistry
[788/1027] chunk 23 → (filtered)
[789/1027] chunk 273 → (filtered)
[790/1027] chunk 948 → Coordination Chemistry
[791/1027] chunk 956 → Coordination Chemistry
[792/1027] chunk 359 → (filtered)
[793/1027] chunk 917 → (filtered)
[794/1027] chunk 734 → (filtered)
[795/1027] chunk 541 → (filtered)
[796/1027] chunk 732 → Solid State Chemistry
[797/1027] chunk 692 → Descriptive Inorganic Chemistry
[798/1027] chunk 811 → Coordination Chemistry
[799/1027] chunk 545 → Descriptive Inorganic Chemistry
[800/1027] chunk 664 → (filtered)
  [Progress saved: 413 results]
[801/1027] chunk 695 → (filtered)
[802/1027] chunk 492 → (filtered)
[803/1027] chunk 428 → (filtered)
[804/1027] chunk 281 → (filtered)
[805/1027] chunk 567 → (filtered)
[806/1027] chunk 316 → (filtered)
[807/1027] chunk 857 → Coordination Chemistry
[808/1027] chunk 515 → (filtered)
[809/1027] chunk 1008 → Atomic Structure And Electronic Configuration
[810/1027] chunk 390 → (filtered)
[811/1027] chunk 631 → (filtered)
[812/1027] chunk 621 → (filtered)
[813/1027] chunk 170 → Thermodynamics And Statistical Mechanics
[814/1027] chunk 659 → Industrial Chemistry
[815/1027] chunk 216 → Acid-Base Chemistry
[816/1027] chunk 285 → (filtered)
[817/1027] chunk 361 → (filtered)
[818/1027] chunk 159 → (filtered)
[819/1027] chunk 837 → Coordination Chemistry
[820/1027] chunk 776 → Coordination Chemistry
[821/1027] chunk 897 → Coordination Chemistry
[822/1027] chunk 831 → Coordination Chemistry
[823/1027] chunk 726 → (filtered)
[824/1027] chunk 410 → (filtered)
[825/1027] chunk 154 → Thermodynamics And Intermolecular Forces
[826/1027] chunk 787 → Coordination Chemistry
[827/1027] chunk 389 → (filtered)
[828/1027] chunk 869 → Coordination Chemistry
[829/1027] chunk 860 → Coordination Chemistry
[830/1027] chunk 92 → Covalent Bonding And Molecular Structure
[831/1027] chunk 933 → (filtered)
[832/1027] chunk 469 → (filtered)
[833/1027] chunk 329 → (filtered)
[834/1027] chunk 175 → Thermodynamics
[835/1027] chunk 829 → Coordination Chemistry
[836/1027] chunk 429 → (filtered)
[837/1027] chunk 874 → Coordination Chemistry
[838/1027] chunk 924 → (filtered)
[839/1027] chunk 846 → Coordination Chemistry
[840/1027] chunk 317 → (filtered)
[841/1027] chunk 962 → Organometallic Chemistry
[842/1027] chunk 494 → (filtered)
[843/1027] chunk 1011 → Atomic Structure And Periodicity
[844/1027] chunk 812 → Coordination Chemistry
[845/1027] chunk 22 → Inorganic Materials And Their Global Sources
[846/1027] chunk 669 → (filtered)
[847/1027] chunk 291 → (filtered)
[848/1027] chunk 596 → (filtered)
[849/1027] chunk 427 → (filtered)
[850/1027] chunk 571 → (filtered)
[851/1027] chunk 132 → Coordination Chemistry
[852/1027] chunk 724 → (filtered)
[853/1027] chunk 680 → (filtered)
[854/1027] chunk 405 → Descriptive Inorganic Chemistry
[855/1027] chunk 98 → Molecular Structure And Symmetry
[856/1027] chunk 235 → Coordination Chemistry
[857/1027] chunk 64 → Molecular Structure
[858/1027] chunk 815 → Coordination Chemistry
[859/1027] chunk 381 → (filtered)
[860/1027] chunk 344 → Nuclear Chemistry
[861/1027] chunk 760 → Transition Metals
[862/1027] chunk 468 → (filtered)
[863/1027] chunk 44 → Atomic Structure And Electronic Configuration
[864/1027] chunk 160 → Ionic Bonding, Crystals, And Intermolecular Forces
[865/1027] chunk 166 → Solid State Chemistry
[866/1027] chunk 706 → (filtered)
[867/1027] chunk 833 → Coordination Chemistry
[868/1027] chunk 122 → Intermolecular Forces And Bonding
[869/1027] chunk 770 → (filtered)
[870/1027] chunk 551 → (filtered)
[871/1027] chunk 484 → (filtered)
[872/1027] chunk 995 → Coordination Chemistry
[873/1027] chunk 544 → Coordination Chemistry
[874/1027] chunk 502 → (filtered)
[875/1027] chunk 271 → Coordination Chemistry
[876/1027] chunk 81 → Covalent Bonding And Molecular Structure
[877/1027] chunk 992 → Coordination Chemistry
[878/1027] chunk 605 → (filtered)
[879/1027] chunk 288 → (filtered)
[880/1027] chunk 178 → Thermodynamics
[881/1027] chunk 654 → (filtered)
[882/1027] chunk 803 → Coordination Chemistry
[883/1027] chunk 107 → (filtered)
[884/1027] chunk 431 → (filtered)
[885/1027] chunk 739 → Metallurgy And Alloy Chemistry
[886/1027] chunk 944 → Coordination Chemistry
[887/1027] chunk 33 → Descriptive Inorganic Chemistry
[888/1027] chunk 542 → (filtered)
[889/1027] chunk 83 → Chemical Bonding
[890/1027] chunk 194 → Chemical Reactions And Thermodynamics
[891/1027] chunk 1023 → (filtered)
[892/1027] chunk 634 → (filtered)
[893/1027] chunk 322 → (filtered)
[894/1027] chunk 289 → (filtered)
[895/1027] chunk 737 → Solid State Chemistry
[896/1027] chunk 1015 → Periodic Properties Of Elements
[897/1027] chunk 238 → Acid-Base Chemistry
[898/1027] chunk 827 → Coordination Chemistry
[899/1027] chunk 716 → (filtered)
[900/1027] chunk 282 → (filtered)
  [Progress saved: 464 results]
[901/1027] chunk 918 → Thermodynamics Of Phase Transitions
[902/1027] chunk 955 → Coordination Chemistry
[903/1027] chunk 368 → (filtered)
[904/1027] chunk 793 → Coordination Chemistry
[905/1027] chunk 283 → (filtered)
[906/1027] chunk 978 → Inorganic Substances In Biochemical Applications
[907/1027] chunk 424 → (filtered)
[908/1027] chunk 942 → Coordination Chemistry
[909/1027] chunk 379 → (filtered)
[910/1027] chunk 278 → (filtered)
[911/1027] chunk 447 → (filtered)
[912/1027] chunk 7 → Descriptive Inorganic Chemistry
[913/1027] chunk 237 → Coordination Chemistry
[914/1027] chunk 430 → (filtered)
[915/1027] chunk 673 → (filtered)
[916/1027] chunk 931 → Organic Chemistry
[917/1027] chunk 525 → (filtered)
[918/1027] chunk 441 → (filtered)
[919/1027] chunk 260 → Coordination Chemistry
[920/1027] chunk 1014 → (filtered)
[921/1027] chunk 901 → Coordination Chemistry
[922/1027] chunk 512 → Coordination Chemistry
[923/1027] chunk 153 → (filtered)
[924/1027] chunk 543 → (filtered)
[925/1027] chunk 847 → Coordination Chemistry
[926/1027] chunk 930 → Organometallic Chemistry
[927/1027] chunk 612 → (filtered)
[928/1027] chunk 832 → Coordination Chemistry
[929/1027] chunk 666 → Descriptive Inorganic Chemistry
[930/1027] chunk 138 → Coordination Chemistry
[931/1027] chunk 819 → Coordination Chemistry
[932/1027] chunk 234 → Coordination Chemistry
[933/1027] chunk 392 → (filtered)
[934/1027] chunk 884 → Coordination Chemistry
[935/1027] chunk 106 → Molecular Symmetry And Point Groups
[936/1027] chunk 406 → (filtered)
[937/1027] chunk 895 → Coordination Chemistry
[938/1027] chunk 163 → Physical Chemistry
[939/1027] chunk 940 → Coordination Chemistry
[940/1027] chunk 186 → Coordination Chemistry
[941/1027] chunk 708 → (filtered)
[942/1027] chunk 818 → Coordination Chemistry
[943/1027] chunk 1007 → Atomic Structure And Electronic Configuration
[944/1027] chunk 302 → (filtered)
[945/1027] chunk 709 → Nuclear Chemistry
[946/1027] chunk 148 → Physical Chemistry
[947/1027] chunk 528 → Descriptive Inorganic Chemistry
[948/1027] chunk 885 → Coordination Chemistry
[949/1027] chunk 1026 → (filtered)
[950/1027] chunk 824 → Coordination Chemistry
[951/1027] chunk 549 → Molecular Structure And Symmetry
[952/1027] chunk 60 → (filtered)
[953/1027] chunk 616 → (filtered)
[954/1027] chunk 752 → (filtered)
[955/1027] chunk 777 → Coordination Chemistry
[956/1027] chunk 499 → (filtered)
[957/1027] chunk 677 → (filtered)
[958/1027] chunk 286 → (filtered)
[959/1027] chunk 536 → (filtered)
[960/1027] chunk 191 → (filtered)
[961/1027] chunk 609 → (filtered)
[962/1027] chunk 117 → Structure And Bonding
[963/1027] chunk 954 → Coordination Chemistry
[964/1027] chunk 636 → (filtered)
[965/1027] chunk 439 → (filtered)
[966/1027] chunk 650 → (filtered)
[967/1027] chunk 896 → Coordination Chemistry
[968/1027] chunk 131 → (filtered)
[969/1027] chunk 608 → (filtered)
[970/1027] chunk 865 → Coordination Chemistry
[971/1027] chunk 393 → (filtered)
[972/1027] chunk 620 → Descriptive Inorganic Chemistry
[973/1027] chunk 756 → (filtered)
[974/1027] chunk 994 → Coordination Chemistry
[975/1027] chunk 6 → (filtered)
[976/1027] chunk 467 → (filtered)
[977/1027] chunk 764 → (filtered)
[978/1027] chunk 214 → Acid-Base Chemistry
[979/1027] chunk 905 → Coordination Chemistry
[980/1027] chunk 925 → (filtered)
[981/1027] chunk 487 → Descriptive Inorganic Chemistry
[982/1027] chunk 1022 → (filtered)
[983/1027] chunk 743 → Alloys And Metal Properties
[984/1027] chunk 348 → (filtered)
[985/1027] chunk 80 → Chemical Bonding
[986/1027] chunk 139 → Solid State Chemistry
[987/1027] chunk 459 → (filtered)
[988/1027] chunk 280 → (filtered)
[989/1027] chunk 704 → Halogens
[990/1027] chunk 964 → Coordination Chemistry
[991/1027] chunk 477 → (filtered)
[992/1027] chunk 935 → (filtered)
[993/1027] chunk 489 → (filtered)
[994/1027] chunk 661 → Descriptive Inorganic Chemistry
[995/1027] chunk 301 → (filtered)
[996/1027] chunk 883 → Coordination Chemistry
[997/1027] chunk 376 → (filtered)
[998/1027] chunk 534 → (filtered)
[999/1027] chunk 135 → Coordination Chemistry
[1000/1027] chunk 789 → Coordination Chemistry
  [Progress saved: 515 results]
[1001/1027] chunk 193 → Redox Chemistry
[1002/1027] chunk 16 → Extractive Metallurgy
[1003/1027] chunk 657 → (filtered)
[1004/1027] chunk 189 → Reactions And Energy Relationships
[1005/1027] chunk 843 → Coordination Chemistry
[1006/1027] chunk 147 → Intermolecular Forces
[1007/1027] chunk 365 → (filtered)
[1008/1027] chunk 907 → Coordination Chemistry
[1009/1027] chunk 981 → Coordination Chemistry
[1010/1027] chunk 701 → Descriptive Inorganic Chemistry
[1011/1027] chunk 150 → (filtered)
[1012/1027] chunk 419 → Coordination Chemistry
[1013/1027] chunk 500 → (filtered)
[1014/1027] chunk 825 → Coordination Chemistry
[1015/1027] chunk 868 → Coordination Chemistry
[1016/1027] chunk 611 → (filtered)
[1017/1027] chunk 603 → (filtered)
[1018/1027] chunk 592 → (filtered)
[1019/1027] chunk 169 → Thermodynamics And Equilibrium
[1020/1027] chunk 384 → Coordination Chemistry
[1021/1027] chunk 722 → (filtered)
[1022/1027] chunk 457 → (filtered)
[1023/1027] chunk 161 → Physical Chemistry
[1024/1027] chunk 326 → (filtered)
[1025/1027] chunk 950 → Coordination Chemistry
[1026/1027] chunk 746 → (filtered)
[1027/1027] chunk 197 → Electrochemistry

============================================================
HOUSE EXTRACTION COMPLETE
============================================================
Chunks processed: 1027
Extractions: 531
Unique topics: 90
Unique concepts: 0

Top 10 topics:
   226 | Coordination Chemistry
    64 | Descriptive Inorganic Chemistry
    28 | Acid-Base Chemistry
    17 | Chemical Bonding
    11 | Organometallic Chemistry
     9 | Solid State Chemistry
     9 | Thermodynamics
     9 | Physical Chemistry
     8 | Atomic Structure And Properties
     8 | Acids, Bases, And Nonaqueous Solvents

Saved to: experiments/results/house_extraction.json
